<?xml version="1.0" encoding="UTF-8"?>
<!-- Generated by org.testng.reporters.JUnitReportReporter -->
<testsuite hostname="BLR1L000046" failures="0" tests="1" name="co.qa.tests.WeatherReportTest" time="15.686" errors="0" timestamp="2023-08-29T22:42:43 IST" skipped="0">
  <testcase classname="co.qa.tests.WeatherReportTest" name="weatherReportOfLocation" time="15.686"/>
  <system-out/>
</testsuite> <!-- co.qa.tests.WeatherReportTest -->
